<?xml version="1.0" encoding="UTF-8"?>
<!-- Generated by org.testng.reporters.JUnitXMLReporter -->
<testsuite ignored="0" hostname="LAPTOP-LGULFEHA" failures="0" tests="7" name="Default test" time="10.662" errors="0" timestamp="2024-08-26T19:06:20 IST">
  <testcase classname="com.swagrunner.SwagRunner" name="InvalidLoginMethods" time="2.56"/>
  <testcase classname="com.swagrunner.SwagRunner" name="LoginMethods" time="0.399"/>
  <testcase classname="com.swagrunner.SwagRunner" name="getItemOne" time="0.832"/>
  <testcase classname="com.swagrunner.SwagRunner" name="getItemTwo" time="0.699"/>
  <testcase classname="com.swagrunner.SwagRunner" name="getItemThree" time="0.75"/>
  <testcase classname="com.swagrunner.SwagRunner" name="getItemFour" time="0.69"/>
  <testcase classname="com.swagrunner.SwagRunner" name="getItemFive" time="0.667"/>
</testsuite> <!-- Default test -->
